<?xml version="1.0" encoding="UTF-8" ?>
<testsuite tests="24" failures="0" name="com.mprzypadlo.tests.thserver.model.PlayerTest" time="0.117" errors="0" skipped="0">
  <properties>
    <property name="java.runtime.name" value="Java(TM) SE Runtime Environment"/>
    <property name="sun.boot.library.path" value="/usr/local/jdk1.8.0_131/jre/lib/amd64"/>
    <property name="java.vm.version" value="25.131-b11"/>
    <property name="java.vm.vendor" value="Oracle Corporation"/>
    <property name="java.vendor.url" value="http://java.oracle.com/"/>
    <property name="path.separator" value=":"/>
    <property name="guice.disable.misplaced.annotation.check" value="true"/>
    <property name="java.vm.name" value="Java HotSpot(TM) 64-Bit Server VM"/>
    <property name="file.encoding.pkg" value="sun.io"/>
    <property name="user.country" value="PL"/>
    <property name="sun.java.launcher" value="SUN_STANDARD"/>
    <property name="sun.os.patch.level" value="unknown"/>
    <property name="java.vm.specification.name" value="Java Virtual Machine Specification"/>
    <property name="user.dir" value="/home/marek/NetBeansProjects/thserwer"/>
    <property name="java.runtime.version" value="1.8.0_131-b11"/>
    <property name="java.awt.graphicsenv" value="sun.awt.X11GraphicsEnvironment"/>
    <property name="java.endorsed.dirs" value="/usr/local/jdk1.8.0_131/jre/lib/endorsed"/>
    <property name="os.arch" value="amd64"/>
    <property name="java.io.tmpdir" value="/tmp"/>
    <property name="line.separator" value="
"/>
    <property name="java.vm.specification.vendor" value="Oracle Corporation"/>
    <property name="os.name" value="Linux"/>
    <property name="maven.ext.class.path" value="/usr/local/netbeans-8.2/java/maven-nblib/netbeans-eventspy.jar"/>
    <property name="classworlds.conf" value="/usr/local/netbeans-8.2/java/maven/bin/m2.conf"/>
    <property name="sun.jnu.encoding" value="UTF-8"/>
    <property name="java.library.path" value="/usr/local/jdk1.8.0_131/jre/lib/amd64:/usr/local/jdk1.8.0_131/jre/lib/i386::/usr/java/packages/lib/amd64:/usr/lib64:/lib64:/lib:/usr/lib"/>
    <property name="java.specification.name" value="Java Platform API Specification"/>
    <property name="java.class.version" value="52.0"/>
    <property name="sun.management.compiler" value="HotSpot 64-Bit Tiered Compilers"/>
    <property name="os.version" value="4.4.0-38-generic"/>
    <property name="user.home" value="/home/marek"/>
    <property name="user.timezone" value="Europe/Warsaw"/>
    <property name="java.awt.printerjob" value="sun.print.PSPrinterJob"/>
    <property name="file.encoding" value="UTF-8"/>
    <property name="java.specification.version" value="1.8"/>
    <property name="user.name" value="marek"/>
    <property name="java.class.path" value="/usr/local/netbeans-8.2/java/maven/boot/plexus-classworlds-2.4.jar"/>
    <property name="java.vm.specification.version" value="1.8"/>
    <property name="sun.arch.data.model" value="64"/>
    <property name="java.home" value="/usr/local/jdk1.8.0_131/jre"/>
    <property name="sun.java.command" value="org.codehaus.plexus.classworlds.launcher.Launcher -Dmaven.ext.class.path=/usr/local/netbeans-8.2/java/maven-nblib/netbeans-eventspy.jar test"/>
    <property name="java.specification.vendor" value="Oracle Corporation"/>
    <property name="user.language" value="pl"/>
    <property name="awt.toolkit" value="sun.awt.X11.XToolkit"/>
    <property name="java.vm.info" value="mixed mode"/>
    <property name="java.version" value="1.8.0_131"/>
    <property name="java.ext.dirs" value="/usr/local/jdk1.8.0_131/jre/lib/ext:/usr/java/packages/lib/ext"/>
    <property name="securerandom.source" value="file:/dev/./urandom"/>
    <property name="sun.boot.class.path" value="/usr/local/jdk1.8.0_131/jre/lib/resources.jar:/usr/local/jdk1.8.0_131/jre/lib/rt.jar:/usr/local/jdk1.8.0_131/jre/lib/sunrsasign.jar:/usr/local/jdk1.8.0_131/jre/lib/jsse.jar:/usr/local/jdk1.8.0_131/jre/lib/jce.jar:/usr/local/jdk1.8.0_131/jre/lib/charsets.jar:/usr/local/jdk1.8.0_131/jre/lib/jfr.jar:/usr/local/jdk1.8.0_131/jre/classes"/>
    <property name="java.vendor" value="Oracle Corporation"/>
    <property name="maven.home" value="/usr/local/netbeans-8.2/java/maven"/>
    <property name="file.separator" value="/"/>
    <property name="java.vendor.url.bug" value="http://bugreport.sun.com/bugreport/"/>
    <property name="sun.cpu.endian" value="little"/>
    <property name="sun.io.unicode.encoding" value="UnicodeLittle"/>
    <property name="sun.cpu.isalist" value=""/>
  </properties>
  <testcase classname="com.mprzypadlo.tests.thserver.model.PlayerTest" name="testPlayer_Removes_Item_When_Run_Out_Of_It" time="0.021"/>
  <testcase classname="com.mprzypadlo.tests.thserver.model.PlayerTest" name="testPlayer_Attacks" time="0.006"/>
  <testcase classname="com.mprzypadlo.tests.thserver.model.PlayerTest" name="testPlayer_Throws_Exception_When_Oponent_To_Far" time="0.011"/>
  <testcase classname="com.mprzypadlo.tests.thserver.model.PlayerTest" name="testPlayer_Has_Default_Weapon" time="0.001"/>
  <testcase classname="com.mprzypadlo.tests.thserver.model.PlayerTest" name="testPlayer_Decrease_Item_Count_When_Used" time="0.002"/>
  <testcase classname="com.mprzypadlo.tests.thserver.model.PlayerTest" name="testPlayer_Hanldes_Attack_With_Default_Hanlder" time="0.001"/>
  <testcase classname="com.mprzypadlo.tests.thserver.model.PlayerTest" name="testNew_Player_Is_On_Starting_Circle_And_Field" time="0"/>
  <testcase classname="com.mprzypadlo.tests.thserver.model.PlayerTest" name="testPlayer_Throws_Exception_When_Moving_To_Non_Existing_Circle" time="0"/>
  <testcase classname="com.mprzypadlo.tests.thserver.model.PlayerTest" name="testPlayer_Can_Move_Left" time="0.001"/>
  <testcase classname="com.mprzypadlo.tests.thserver.model.PlayerTest" name="testPlayer_Moves_To_Next_Circle" time="0.001"/>
  <testcase classname="com.mprzypadlo.tests.thserver.model.PlayerTest" name="testPlayer_Can_Move_Right" time="0.001"/>
  <testcase classname="com.mprzypadlo.tests.thserver.model.PlayerTest" name="testPreviously_Equipped_Weapon_Is_Added_To_Inventory" time="0.001"/>
  <testcase classname="com.mprzypadlo.tests.thserver.model.PlayerTest" name="testPlayer_Picks_Modifying_Items" time="0.006"/>
  <testcase classname="com.mprzypadlo.tests.thserver.model.PlayerTest" name="testPlayer_Has_Initial_Defense" time="0.001"/>
  <testcase classname="com.mprzypadlo.tests.thserver.model.PlayerTest" name="testPlayer_Can_Use_Usable_Items" time="0.001"/>
  <testcase classname="com.mprzypadlo.tests.thserver.model.PlayerTest" name="testPlayer_Has_Inital_HP" time="0.001"/>
  <testcase classname="com.mprzypadlo.tests.thserver.model.PlayerTest" name="testPlayer_Equips_Weapons" time="0.001"/>
  <testcase classname="com.mprzypadlo.tests.thserver.model.PlayerTest" name="testEquipped_Weapon_Is_Removed_From_Inventory" time="0"/>
  <testcase classname="com.mprzypadlo.tests.thserver.model.PlayerTest" name="testPlayer_Use_Registered_Attack_Hanlder_When_Available" time="0.047"/>
  <testcase classname="com.mprzypadlo.tests.thserver.model.PlayerTest" name="testPlayer_Picks_Up_Weapons" time="0.001"/>
  <testcase classname="com.mprzypadlo.tests.thserver.model.PlayerTest" name="testPlayer_Throws_Exception_When_Player_On_Other_Circle" time="0.001"/>
  <testcase classname="com.mprzypadlo.tests.thserver.model.PlayerTest" name="testPlayer_Picks_One_Usable_Item" time="0"/>
  <testcase classname="com.mprzypadlo.tests.thserver.model.PlayerTest" name="testPlayer_Picks_Two_Usable_Items_Of_Same_Name" time="0.001"/>
  <testcase classname="com.mprzypadlo.tests.thserver.model.PlayerTest" name="testSetBoard_Sets_New_Circle_And_Field" time="0.004"/>
</testsuite>